<?xml version="1.0" encoding="UTF-8"?>
<robot generator="Robot 7.0 (Python 3.12.2 on win32)" generated="2024-05-02T11:57:06.606598" rpa="false" schemaversion="5">
<suite id="s1" name="Gherkin Login" source="D:\PythonAutomation\pythonProject1\src\test\robot\gherkin_login.robot">
<test id="s1-t1" name="Valid Login" line="6">
<kw name="Open browser to login page" owner="resource">
<kw name="Open Browser" owner="SeleniumLibrary">
<msg time="2024-05-02T11:57:06.821191" level="INFO">Opening browser 'CHROME' to base url 'https://www.saucedemo.com/'.</msg>
<arg>${URL}</arg>
<arg>${BROWSER}</arg>
<doc>Opens a new browser instance to the optional ``url``.</doc>
<status status="PASS" start="2024-05-02T11:57:06.820194" elapsed="2.279736"/>
</kw>
<kw name="Maximize Browser Window" owner="SeleniumLibrary">
<doc>Maximizes current browser window.</doc>
<status status="PASS" start="2024-05-02T11:57:09.100425" elapsed="0.065663"/>
</kw>
<kw name="Set Selenium Speed" owner="SeleniumLibrary">
<arg>${DELAY}</arg>
<doc>Sets the delay that is waited after each Selenium command.</doc>
<status status="PASS" start="2024-05-02T11:57:09.166585" elapsed="0.000000"/>
</kw>
<status status="PASS" start="2024-05-02T11:57:06.819198" elapsed="2.347884"/>
</kw>
<kw name="Close Browser" owner="SeleniumLibrary" type="TEARDOWN">
<doc>Closes the current browser.</doc>
<status status="PASS" start="2024-05-02T11:57:09.168075" elapsed="32.187054"/>
</kw>
<status status="PASS" start="2024-05-02T11:57:06.818181" elapsed="34.537901"/>
</test>
<doc>Test for launching URL</doc>
<status status="PASS" start="2024-05-02T11:57:06.608592" elapsed="34.751548"/>
</suite>
<statistics>
<total>
<stat pass="1" fail="0" skip="0">All Tests</stat>
</total>
<tag>
</tag>
<suite>
<stat pass="1" fail="0" skip="0" id="s1" name="Gherkin Login">Gherkin Login</stat>
</suite>
</statistics>
<errors>
</errors>
</robot>
